[nltk_data] Downloading package twitter_samples to
[nltk_data]     C:\Users\SIDDHARTHA\AppData\Roaming\nltk_data...
[nltk_data]   Package twitter_samples is already up-to-date!
[nltk_data] Downloading package punkt to
[nltk_data]     C:\Users\SIDDHARTHA\AppData\Roaming\nltk_data...
[nltk_data]   Package punkt is already up-to-date!
[nltk_data] Downloading package wordnet to
[nltk_data]     C:\Users\SIDDHARTHA\AppData\Roaming\nltk_data...
[nltk_data]   Package wordnet is already up-to-date!
[nltk_data] Downloading package averaged_perceptron_tagger to
[nltk_data]     C:\Users\SIDDHARTHA\AppData\Roaming\nltk_data...
[nltk_data]   Package averaged_perceptron_tagger is already up-to-
[nltk_data]       date!
[nltk_data] Downloading package stopwords to
[nltk_data]     C:\Users\SIDDHARTHA\AppData\Roaming\nltk_data...
[nltk_data]   Package stopwords is already up-to-date!
Reading files....
100% |########################################################################|
Total comparable entities:  9
fianna_fáil has 5776 tweets after the election and 6415 tweets before the election
Cleaning after tokens....
100% |########################################################################|
Cleaning before tokens....
100% |########################################################################|
Creating count for after tweets...
{'anger': 2526, 'anticipation': 3007, 'disgust': 1566, 'fear': 2960, 'joy': 2196, 'negative': 5207, 'positive': 6172, 'sadness': 2544, 'surprise': 1745, 'trust': 4166, 'unclassified': 0}
5776
Creating count for before tweets...
{'anger': 3094, 'anticipation': 4086, 'disgust': 1701, 'fear': 3021, 'joy': 2988, 'negative': 5648, 'positive': 7280, 'sadness': 3085, 'surprise': 2405, 'trust': 5217, 'unclassified': 0}
6415
fine_gael has 5930 tweets after the election and 7290 tweets before the election
Cleaning after tokens....
100% |########################################################################|
Cleaning before tokens....
100% |########################################################################|
Creating count for after tweets...
{'anger': 2783, 'anticipation': 3262, 'disgust': 1747, 'fear': 3100, 'joy': 2307, 'negative': 5555, 'positive': 6300, 'sadness': 2733, 'surprise': 1784, 'trust': 4293, 'unclassified': 0}
5930
Creating count for before tweets...
{'anger': 3611, 'anticipation': 4752, 'disgust': 2070, 'fear': 3363, 'joy': 3621, 'negative': 6677, 'positive': 8040, 'sadness': 3900, 'surprise': 2841, 'trust': 5811, 'unclassified': 0}
7290
green_party has 5578 tweets after the election and 6092 tweets before the election
Cleaning after tokens....
100% |########################################################################|
Cleaning before tokens....
100% |########################################################################|
Creating count for after tweets...
{'anger': 2159, 'anticipation': 3317, 'disgust': 1157, 'fear': 2381, 'joy': 2926, 'negative': 4524, 'positive': 6984, 'sadness': 2326, 'surprise': 1917, 'trust': 4647, 'unclassified': 0}
5578
Creating count for before tweets...
{'anger': 2241, 'anticipation': 3557, 'disgust': 1047, 'fear': 1973, 'joy': 3232, 'negative': 4156, 'positive': 7535, 'sadness': 2210, 'surprise': 2126, 'trust': 4821, 'unclassified': 0}
6092
hashtags has 12038 tweets after the election and 21826 tweets before the election
Cleaning after tokens....
100% |########################################################################|
Cleaning before tokens....
100% |########################################################################|
Creating count for after tweets...
{'anger': 4871, 'anticipation': 7248, 'disgust': 2427, 'fear': 4772, 'joy': 5210, 'negative': 9054, 'positive': 14142, 'sadness': 4745, 'surprise': 4211, 'trust': 9748, 'unclassified': 0}
12038
Creating count for before tweets...
{'anger': 8949, 'anticipation': 13644, 'disgust': 4053, 'fear': 7751, 'joy': 9931, 'negative': 15658, 'positive': 23891, 'sadness': 9069, 'surprise': 8299, 'trust': 16547, 'unclassified': 0}
21826
labour has 10000 tweets after the election and 10000 tweets before the election
Cleaning after tokens....
100% |########################################################################|
Cleaning before tokens....
100% |########################################################################|
Creating count for after tweets...
{'anger': 4941, 'anticipation': 6212, 'disgust': 2806, 'fear': 4983, 'joy': 4748, 'negative': 9266, 'positive': 12618, 'sadness': 4605, 'surprise': 3564, 'trust': 8614, 'unclassified': 0}
10000
Creating count for before tweets...
{'anger': 4576, 'anticipation': 6146, 'disgust': 2415, 'fear': 4159, 'joy': 4670, 'negative': 8264, 'positive': 12173, 'sadness': 4330, 'surprise': 3617, 'trust': 8216, 'unclassified': 0}
10000
richard_bruton has 747 tweets after the election and 3116 tweets before the election
Cleaning after tokens....
100% |########################################################################|
Cleaning before tokens....
100% |########################################################################|
Creating count for after tweets...
{'anger': 250, 'anticipation': 396, 'disgust': 163, 'fear': 255, 'joy': 289, 'negative': 551, 'positive': 846, 'sadness': 257, 'surprise': 225, 'trust': 590, 'unclassified': 0}
747
Creating count for before tweets...
{'anger': 1170, 'anticipation': 1852, 'disgust': 763, 'fear': 1175, 'joy': 1328, 'negative': 2441, 'positive': 3466, 'sadness': 1255, 'surprise': 1027, 'trust': 2208, 'unclassified': 0}
3116
sinn_féin has 9600 tweets after the election and 8168 tweets before the election
Cleaning after tokens....
100% |########################################################################|
Cleaning before tokens....
100% |########################################################################|
Creating count for after tweets...
{'anger': 4004, 'anticipation': 5708, 'disgust': 1987, 'fear': 4256, 'joy': 4235, 'negative': 7519, 'positive': 10338, 'sadness': 3624, 'surprise': 3326, 'trust': 7195, 'unclassified': 0}
9600
Creating count for before tweets...
{'anger': 4309, 'anticipation': 5822, 'disgust': 1884, 'fear': 3669, 'joy': 4619, 'negative': 7038, 'positive': 9390, 'sadness': 4153, 'surprise': 3992, 'trust': 6901, 'unclassified': 0}
8168
social_democrats has 5026 tweets after the election and 5032 tweets before the election
Cleaning after tokens....
100% |########################################################################|
Cleaning before tokens....
100% |########################################################################|
Creating count for after tweets...
{'anger': 1492, 'anticipation': 2907, 'disgust': 715, 'fear': 1409, 'joy': 2341, 'negative': 2846, 'positive': 5608, 'sadness': 1578, 'surprise': 1614, 'trust': 3559, 'unclassified': 0}
5026
Creating count for before tweets...
{'anger': 1809, 'anticipation': 3506, 'disgust': 658, 'fear': 1497, 'joy': 2730, 'negative': 3244, 'positive': 6881, 'sadness': 1986, 'surprise': 1983, 'trust': 4258, 'unclassified': 0}
5032
solidarity_people_before_profit has 1524 tweets after the election and 5043 tweets before the election
Cleaning after tokens....
100% |########################################################################|
Cleaning before tokens....
100% |########################################################################|
Creating count for after tweets...
{'anger': 548, 'anticipation': 792, 'disgust': 293, 'fear': 629, 'joy': 606, 'negative': 1036, 'positive': 1543, 'sadness': 526, 'surprise': 466, 'trust': 1026, 'unclassified': 0}
1524
Creating count for before tweets...
{'anger': 1989, 'anticipation': 2819, 'disgust': 959, 'fear': 1849, 'joy': 2218, 'negative': 3632, 'positive': 5660, 'sadness': 1962, 'surprise': 1657, 'trust': 3520, 'unclassified': 0}
5043
100% |########################################################################|